<?xml version="1.0" encoding="UTF-8" ?>
<testsuite tests="3" failures="3" name="Controller.RelatorioControllerTest" time="0.031" errors="0" skipped="0">
  <properties>
[...]
</properties>
  <testcase classname="Controller.RelatorioControllerTest" name="Controller.RelatorioControllerTest.testConverteData" time="0.006">
    <failure type="java.lang.NullPointerException">java.lang.NullPointerException
	at Controller.RelatorioControllerTest.testConverteData(RelatorioControllerTest.java:45)
</failure>
  </testcase>
  <testcase classname="Controller.RelatorioControllerTest" name="Controller.RelatorioControllerTest.testQuantidadeDias" time="0">
    <failure type="java.lang.NullPointerException">java.lang.NullPointerException
	at Controller.RelatorioControllerTest.testQuantidadeDias(RelatorioControllerTest.java:53)
</failure>
  </testcase>
  <testcase classname="Controller.RelatorioControllerTest" name="Controller.RelatorioControllerTest.testInvestimentoTotal" time="0.025">
    <failure message="expected: &lt;15&gt; but was: &lt;null&gt;" type="org.opentest4j.AssertionFailedError">org.opentest4j.AssertionFailedError: expected: &lt;15&gt; but was: &lt;null&gt;
	at org.junit.jupiter.api.AssertionUtils.fail(AssertionUtils.java:55)
	at org.junit.jupiter.api.AssertionUtils.failNotEqual(AssertionUtils.java:62)
	at org.junit.jupiter.api.AssertEquals.assertEquals(AssertEquals.java:182)
	at org.junit.jupiter.api.AssertEquals.assertEquals(AssertEquals.java:177)
	at org.junit.jupiter.api.Assertions.assertEquals(Assertions.java:1124)
	at Controller.RelatorioControllerTest.testInvestimentoTotal(RelatorioControllerTest.java:61)
</failure>
  </testcase>
</testsuite>